<?xml version="1.0" encoding="UTF-8"?>
<!-- Generated by org.testng.reporters.JUnitReportReporter -->
<testsuite hostname="DESKTOP-MQQN6CU" failures="0" tests="1" name="different.ways.to.post.a.request.CreateUsingPojoClass" time="1.406" errors="0" timestamp="2022-05-09T16:04:19 IST" skipped="0">
  <testcase classname="different.ways.to.post.a.request.CreateUsingPojoClass" name="createProject" time="1.406"/>
  <system-out/>
</testsuite> <!-- different.ways.to.post.a.request.CreateUsingPojoClass -->
