<?xml version="1.0" encoding="UTF-8"?>
<!-- Generated by org.testng.reporters.JUnitReportReporter -->
<testsuite hostname="DESKTOP-MQQN6CU" failures="0" tests="3" name="authentication.BasicAuthentication" time="1.835" errors="0" timestamp="2022-05-12T13:01:43 IST" skipped="0">
  <testcase classname="authentication.BasicAuthentication" name="basicPreEmptive" time="0.266"/>
  <system-out/>
  <testcase classname="authentication.BasicAuthentication" name="basicAuthTest" time="1.334"/>
  <system-out/>
  <testcase classname="authentication.BasicAuthentication" name="digestiveAuth" time="0.235"/>
  <system-out/>
</testsuite> <!-- authentication.BasicAuthentication -->
