<?xml version="1.0" encoding="UTF-8"?>
<!-- Generated by org.testng.reporters.JUnitReportReporter -->
<testsuite hostname="DESKTOP-MQQN6CU" failures="0" tests="1" name="practiceCRUDwithoutBDD.CreateProjectTest" time="1.449" errors="0" timestamp="2022-05-05T15:58:51 IST" skipped="0">
  <testcase classname="practiceCRUDwithoutBDD.CreateProjectTest" name="createProjectTest" time="1.449"/>
  <system-out/>
</testsuite> <!-- practiceCRUDwithoutBDD.CreateProjectTest -->
