<?xml version="1.0" encoding="UTF-8"?>
<!-- Generated by org.testng.reporters.JUnitReportReporter -->
<testsuite hostname="DESKTOP-MQQN6CU" failures="0" tests="1" name="practiceCRUDwithBDD.GetAllProjects" time="1.713" errors="0" timestamp="2022-05-11T15:03:50 IST" skipped="0">
  <testcase classname="practiceCRUDwithBDD.GetAllProjects" name="getAllProjects" time="1.713"/>
  <system-out/>
</testsuite> <!-- practiceCRUDwithBDD.GetAllProjects -->
