<?xml version="1.0" encoding="UTF-8"?>
<!-- Generated by org.testng.reporters.JUnitReportReporter -->
<testsuite hostname="DESKTOP-MQQN6CU" failures="0" tests="1" name="responseValidation.ResponseTimeValidationUsingHamCrest" time="1.123" errors="0" timestamp="2022-05-11T11:48:34 IST" skipped="0">
  <testcase classname="responseValidation.ResponseTimeValidationUsingHamCrest" name="responseTimeValidation" time="1.123"/>
  <system-out/>
</testsuite> <!-- responseValidation.ResponseTimeValidationUsingHamCrest -->
