<?xml version="1.0" encoding="UTF-8"?>
<!-- Generated by org.testng.reporters.JUnitReportReporter -->
<testsuite hostname="DESKTOP-MQQN6CU" failures="0" tests="1" name="different.ways.to.post.a.request.CreateProjectUsingJSONFile" time="1.849" errors="0" timestamp="2022-05-09T15:46:09 IST" skipped="0">
  <testcase classname="different.ways.to.post.a.request.CreateProjectUsingJSONFile" name="createProject" time="1.849"/>
  <system-out/>
</testsuite> <!-- different.ways.to.post.a.request.CreateProjectUsingJSONFile -->
