<?xml version="1.0" encoding="UTF-8"?>
<!-- Generated by org.testng.reporters.JUnitReportReporter -->
<testsuite hostname="DESKTOP-MQQN6CU" failures="0" tests="1" name="responseValidation.DynamicResponseForPost" time="1.596" errors="0" timestamp="2022-05-11T11:19:33 IST" skipped="0">
  <testcase classname="responseValidation.DynamicResponseForPost" name="CreatePost" time="1.596"/>
  <system-out/>
</testsuite> <!-- responseValidation.DynamicResponseForPost -->
