<?xml version="1.0" encoding="UTF-8"?>
<!-- Generated by org.testng.reporters.JUnitReportReporter -->
<testsuite hostname="DESKTOP-MQQN6CU" failures="0" tests="3" name="dataDrivenTestingUsingRestAssured.CreateMultipleProjects" time="2.339" errors="0" timestamp="2022-05-11T13:15:21 IST" skipped="0">
  <testcase classname="dataDrivenTestingUsingRestAssured.CreateMultipleProjects" name="createMultipleProjects" time="0.043"/>
  <system-out/>
  <testcase classname="dataDrivenTestingUsingRestAssured.CreateMultipleProjects" name="createMultipleProjects" time="2.253"/>
  <system-out/>
  <testcase classname="dataDrivenTestingUsingRestAssured.CreateMultipleProjects" name="createMultipleProjects" time="0.043"/>
  <system-out/>
</testsuite> <!-- dataDrivenTestingUsingRestAssured.CreateMultipleProjects -->
