<?xml version="1.0" encoding="UTF-8"?>
<!-- Generated by org.testng.reporters.JUnitReportReporter -->
<testsuite hostname="DESKTOP-MQQN6CU" failures="0" tests="1" name="practiceCRUDwithoutBDD.GetSingleProject" time="1.216" errors="0" timestamp="2022-05-05T15:47:22 IST" skipped="0">
  <testcase classname="practiceCRUDwithoutBDD.GetSingleProject" name="getsingleprojectTest" time="1.216"/>
  <system-out/>
</testsuite> <!-- practiceCRUDwithoutBDD.GetSingleProject -->
