<?xml version="1.0" encoding="UTF-8"?>
<!-- Generated by org.testng.reporters.JUnitReportReporter -->
<testsuite hostname="DESKTOP-MQQN6CU" failures="0" tests="1" name="practiceCRUDwithBDD.CreateProject" time="1.420" errors="0" timestamp="2022-05-05T17:48:53 IST" skipped="0">
  <testcase classname="practiceCRUDwithBDD.CreateProject" name="createnewprojectTest" time="1.420"/>
  <system-out/>
</testsuite> <!-- practiceCRUDwithBDD.CreateProject -->
