<?xml version="1.0" encoding="UTF-8"?>
<!-- Generated by org.testng.reporters.JUnitReportReporter -->
<testsuite hostname="DESKTOP-MQQN6CU" failures="0" tests="1" name="parameters.PathParameters" time="1.351" errors="0" timestamp="2022-05-11T15:07:12 IST" skipped="0">
  <testcase classname="parameters.PathParameters" name="pathParameters" time="1.351"/>
  <system-out/>
</testsuite> <!-- parameters.PathParameters -->
