<?xml version="1.0" encoding="UTF-8"?>
<!-- Generated by org.testng.reporters.JUnitReportReporter -->
<testsuite hostname="DESKTOP-MQQN6CU" failures="0" tests="1" name="requestChaining.CreateAndUpdate" time="1.891" errors="0" timestamp="2022-05-11T16:26:38 IST" skipped="0">
  <testcase classname="requestChaining.CreateAndUpdate" name="createAndUpdate" time="1.891"/>
  <system-out/>
</testsuite> <!-- requestChaining.CreateAndUpdate -->
