<?xml version="1.0" encoding="UTF-8"?>
<!-- Generated by org.testng.reporters.JUnitReportReporter -->
<testsuite hostname="DESKTOP-MQQN6CU" failures="0" tests="1" name="responseValidation.DynamicResponseValidation" time="1.313" errors="0" timestamp="2022-05-11T10:46:51 IST" skipped="0">
  <testcase classname="responseValidation.DynamicResponseValidation" name="dynamicResponse" time="1.313"/>
  <system-out/>
</testsuite> <!-- responseValidation.DynamicResponseValidation -->
