<?xml version="1.0" encoding="UTF-8"?>
<!-- Generated by org.testng.reporters.JUnitReportReporter -->
<testsuite hostname="DESKTOP-MQQN6CU" failures="0" tests="1" name="authentication.Oauth2Authentication" time="3.503" errors="0" timestamp="2022-05-13T18:04:31 IST" skipped="0">
  <testcase classname="authentication.Oauth2Authentication" name="oauth2Authentication" time="3.503"/>
  <system-out/>
</testsuite> <!-- authentication.Oauth2Authentication -->
