<?xml version="1.0" encoding="UTF-8"?>
<!-- Generated by org.testng.reporters.JUnitReportReporter -->
<testsuite hostname="DESKTOP-MQQN6CU" failures="0" tests="1" name="practiceCRUDwithoutBDD.UpdateProject" time="1.503" errors="0" timestamp="2022-05-05T16:04:34 IST" skipped="0">
  <testcase classname="practiceCRUDwithoutBDD.UpdateProject" name="updateProjectTest" time="1.503"/>
  <system-out/>
</testsuite> <!-- practiceCRUDwithoutBDD.UpdateProject -->
