<?xml version="1.0" encoding="UTF-8"?>
<!-- Generated by org.testng.reporters.JUnitReportReporter -->
<testsuite hostname="DESKTOP-MQQN6CU" failures="0" tests="1" name="different.ways.to.post.a.request.CreateProjectUsingJSONobject" time="1.361" errors="0" timestamp="2022-05-10T10:31:08 IST" skipped="0">
  <testcase classname="different.ways.to.post.a.request.CreateProjectUsingJSONobject" name="postaRequest" time="1.361"/>
  <system-out/>
</testsuite> <!-- different.ways.to.post.a.request.CreateProjectUsingJSONobject -->
