<?xml version="1.0" encoding="UTF-8"?>
<!-- Generated by org.testng.reporters.JUnitReportReporter -->
<testsuite hostname="DESKTOP-MQQN6CU" failures="0" tests="1" name="requestChaining.CreateAndDelete" time="1.670" errors="0" timestamp="2022-05-11T17:08:57 IST" skipped="0">
  <testcase classname="requestChaining.CreateAndDelete" name="createAndDelete" time="1.670"/>
  <system-out/>
</testsuite> <!-- requestChaining.CreateAndDelete -->
