<?xml version="1.0" encoding="UTF-8"?>
<!-- Generated by org.testng.reporters.JUnitReportReporter -->
<testsuite hostname="DESKTOP-MQQN6CU" failures="0" tests="1" name="different.ways.to.post.a.request.PostaRequest" time="2.135" errors="0" timestamp="2022-05-09T13:06:13 IST" skipped="0">
  <testcase classname="different.ways.to.post.a.request.PostaRequest" name="post" time="2.135"/>
  <system-out/>
</testsuite> <!-- different.ways.to.post.a.request.PostaRequest -->
