<?xml version="1.0" encoding="UTF-8"?>
<!-- Generated by org.testng.reporters.JUnitReportReporter -->
<testsuite hostname="Vineeth" failures="0" tests="1" name="endtoend.scenarios.rmgyantra.CreateProjectandVerifyInDataBaseTest" time="1.300" errors="0" timestamp="2022-06-02T15:37:19 IST" skipped="0">
  <testcase classname="endtoend.scenarios.rmgyantra.CreateProjectandVerifyInDataBaseTest" name="createProject" time="1.300"/>
  <system-out/>
</testsuite> <!-- endtoend.scenarios.rmgyantra.CreateProjectandVerifyInDataBaseTest -->
