<?xml version="1.0" encoding="UTF-8"?>
<!-- Generated by org.testng.reporters.JUnitReportReporter -->
<testsuite hostname="DESKTOP-MQQN6CU" failures="0" tests="1" name="practice.authentication.BearerToken" time="4.729" errors="0" timestamp="2022-05-12T14:56:21 IST" skipped="0">
  <testcase classname="practice.authentication.BearerToken" name="bearerTokenTest" time="4.729"/>
  <system-out/>
</testsuite> <!-- practice.authentication.BearerToken -->
