<?xml version="1.0" encoding="UTF-8"?>
<!-- Generated by org.testng.reporters.JUnitReportReporter -->
<testsuite hostname="DESKTOP-MQQN6CU" failures="0" tests="1" name="authentication.BearerToken" time="5.696" errors="0" timestamp="2022-05-12T13:25:14 IST" skipped="0">
  <testcase classname="authentication.BearerToken" name="bearerToken" time="5.696"/>
  <system-out/>
</testsuite> <!-- authentication.BearerToken -->
