<?xml version="1.0" encoding="UTF-8"?>
<!-- Generated by org.testng.reporters.JUnitReportReporter -->
<testsuite hostname="DESKTOP-MQQN6CU" failures="0" tests="1" name="practiceCRUDwithoutBDD.GetAllProject" time="1.199" errors="0" timestamp="2022-05-05T16:02:21 IST" skipped="0">
  <testcase classname="practiceCRUDwithoutBDD.GetAllProject" name="getallProjectTest" time="1.199"/>
  <system-out/>
</testsuite> <!-- practiceCRUDwithoutBDD.GetAllProject -->
