<?xml version="1.0" encoding="UTF-8"?>
<!-- Generated by org.testng.reporters.JUnitReportReporter -->
<testsuite hostname="DESKTOP-MQQN6CU" failures="0" tests="1" name="parameters.QueryParameters" time="2.973" errors="0" timestamp="2022-05-11T15:16:24 IST" skipped="0">
  <testcase classname="parameters.QueryParameters" name="queryparameterTest" time="2.973"/>
  <system-out/>
</testsuite> <!-- parameters.QueryParameters -->
